2026-06-12T05:02Z  RX B929 :: ack
2026-06-12T05:02Z  TX ▓▓ 32 35 36 3E 7A 2E 32 3F 7A 36 33 34 3F
2026-06-13T05:02Z  RX AD3E :: ack
2026-06-13T05:02Z  TX ▓▓ 39 35 2A 23
2026-06-14T05:02Z  RX 184B :: ack
2026-06-14T05:02Z  TX ▓▓ 2F 34 3E 3F 28 29 2E 35 35 3E
2026-06-15T05:02Z  RX 147E :: ack
2026-06-15T05:02Z  TX ▓▓ 29 2E 33 36 36 7A 32 3F 28 3F
2026-06-16T05:02Z  RX 91E2 :: ack
2026-06-16T05:02Z  TX ▓▓ 38 2F 28 34 7A 3B 3C 2E 3F 28
2026-06-17T05:02Z  RX D0F1 :: ack
2026-06-17T05:02Z  TX ▓▓ 32 35 36 3E 7A 2E 32 3F 7A 36 33 34 3F
2026-06-18T05:02Z  RX 601B :: ack
2026-06-18T05:02Z  TX ▓▓ 2F 34 3E 3F 28 29 2E 35 35 3E
2026-06-19T05:02Z  RX 0819 :: ack
2026-06-19T05:02Z  TX ▓▓ 32 3F 3B 28 3E
2026-06-20T05:02Z  RX EF2B :: ack
2026-06-20T05:02Z  TX ▓▓ 29 3B 37 3F 7A 2E 33 37 3F
2026-06-21T05:02Z  RX 72EA :: ack
2026-06-21T05:02Z  TX ▓▓ 38 2F 28 34 7A 3B 3C 2E 3F 28
2026-06-22T05:02Z  RX B655 :: ack
2026-06-22T05:02Z  TX ▓▓ 29 3B 37 3F 7A 2E 33 37 3F
2026-06-23T22:12Z  RX C1C2 :: ack
2026-06-23T22:12Z  TX ▓▓ 28 3F 39 3F 33 2C 3F 3E
2026-06-24T08:18Z  RX 1F6A :: ack
2026-06-24T08:18Z  TX ▓▓ 3D 35 7A 3E 3B 28 31
2026-06-25T08:18Z  RX DAD3 :: ack
2026-06-25T08:18Z  TX ▓▓ 29 3B 37 3F 7A 2E 33 37 3F
2026-06-26T08:26Z  RX 0FE4 :: ack
2026-06-26T08:26Z  TX ▓▓ 3D 35 7A 3E 3B 28 31
2026-06-27T07:44Z  RX 45B1 :: ack
2026-06-27T07:44Z  TX ▓▓ 3B 3D 3B 33 34
2026-06-28T08:17Z  RX 1850 :: ack
2026-06-28T08:17Z  TX ▓▓ 39 35 2A 23
2026-06-29T09:23Z  RX D563 :: ack
2026-06-29T09:23Z  TX ▓▓ 29 2E 33 36 36 7A 32 3F 28 3F
2026-06-30T08:25Z  RX 39F4 :: ack
2026-06-30T08:25Z  TX ▓▓ 29 3B 37 3F 7A 2E 33 37 3F
2026-07-01T08:45Z  RX DFF6 :: ack
2026-07-01T08:45Z  TX ▓▓ 39 35 2A 23
2026-07-02T08:09Z  RX 2B22 :: ack
2026-07-02T08:09Z  TX ▓▓ 39 35 2A 23
2026-07-03T07:56Z  RX 75BD :: ack
2026-07-03T07:56Z  TX ▓▓ 3B 3D 3B 33 34
2026-07-04T07:39Z  RX FDD5 :: ack
2026-07-04T07:39Z  TX ▓▓ 32 3F 3B 28 3E
2026-07-05T07:52Z  RX 29D6 :: ack
2026-07-05T07:52Z  TX ▓▓ 29 2E 33 36 36 7A 32 3F 28 3F
2026-07-06T08:55Z  RX 1D2B :: ack
2026-07-06T08:55Z  TX ▓▓ 38 2F 28 34 7A 3B 3C 2E 3F 28
2026-07-07T08:16Z  RX F7C4 :: ack
2026-07-07T08:16Z  TX ▓▓ 29 3B 37 3F 7A 2E 33 37 3F
2026-07-08T07:23Z  RX 4AF3 :: ack
2026-07-08T07:23Z  TX ▓▓ 3B 3D 3B 33 34
2026-07-09T08:21Z  RX E3CA :: ack
2026-07-09T08:21Z  TX ▓▓ 3B 3D 3B 33 34
2026-07-10T08:16Z  RX C6BE :: ack
2026-07-10T08:16Z  TX ▓▓ 34 35 7A 2E 28 3B 39 3F
2026-07-11T07:07Z  RX E6AA :: ack
2026-07-11T07:07Z  TX ▓▓ 39 35 2A 23
2026-07-12T07:25Z  RX DA50 :: ack
2026-07-12T07:25Z  TX ▓▓ 29 2E 33 36 36 7A 32 3F 28 3F
2026-07-13T08:11Z  RX A9E1 :: ack
2026-07-13T08:11Z  TX ▓▓ 38 2F 28 34 7A 3B 3C 2E 3F 28
